<?xml version="1.0" encoding="UTF-8"?>
<testsuite name="com.fivucsas.shared.domain.usecase.admin.GetUsersUseCaseTest" tests="4" skipped="0" failures="0" errors="0" timestamp="2025-11-03T15:52:42.093Z" hostname="MORDECAI" time="0.01">
  <properties/>
  <testcase name="invoke should return list of users from repository" classname="com.fivucsas.shared.domain.usecase.admin.GetUsersUseCaseTest" time="0.003"/>
  <testcase name="invoke should return empty list when no users exist" classname="com.fivucsas.shared.domain.usecase.admin.GetUsersUseCaseTest" time="0.002"/>
  <testcase name="invoke should return failure when repository throws error" classname="com.fivucsas.shared.domain.usecase.admin.GetUsersUseCaseTest" time="0.001"/>
  <testcase name="invoke should return large list of users" classname="com.fivucsas.shared.domain.usecase.admin.GetUsersUseCaseTest" time="0.004"/>
  <system-out><![CDATA[]]></system-out>
  <system-err><![CDATA[]]></system-err>
</testsuite>
