<?xml version="1.0" encoding="UTF-8"?>
<testsuite name="com.fivucsas.shared.domain.usecase.admin.GetStatisticsUseCaseTest" tests="3" skipped="0" failures="0" errors="0" timestamp="2025-11-03T15:52:42.081Z" hostname="MORDECAI" time="0.01">
  <properties/>
  <testcase name="invoke should calculate correct values" classname="com.fivucsas.shared.domain.usecase.admin.GetStatisticsUseCaseTest" time="0.005"/>
  <testcase name="invoke should return statistics from repository" classname="com.fivucsas.shared.domain.usecase.admin.GetStatisticsUseCaseTest" time="0.003"/>
  <testcase name="invoke should return failure when repository throws error" classname="com.fivucsas.shared.domain.usecase.admin.GetStatisticsUseCaseTest" time="0.002"/>
  <system-out><![CDATA[]]></system-out>
  <system-err><![CDATA[]]></system-err>
</testsuite>
